108.07.16 23:38 B C:\Documents and Settings\LuisFernando\My Documents\Website Development\ClassAds\images\BoliTechLogo.jpg <-- bolitech /public_html/ClassAdds/images BoliTechLogo.jpg
108.07.16 23:38 B C:\Documents and Settings\LuisFernando\My Documents\Website Development\ClassAds\images\Help.gif <-- bolitech /public_html/ClassAdds/images Help.gif
108.07.16 23:38 B C:\Documents and Settings\LuisFernando\My Documents\Website Development\ClassAds\images\Home.gif <-- bolitech /public_html/ClassAdds/images Home.gif
108.07.16 23:38 B C:\Documents and Settings\LuisFernando\My Documents\Website Development\ClassAds\images\PostAD.gif <-- bolitech /public_html/ClassAdds/images PostAD.gif
108.07.16 23:38 B C:\Documents and Settings\LuisFernando\My Documents\Website Development\ClassAds\images\RenewAD.gif <-- bolitech /public_html/ClassAdds/images RenewAD.gif
108.07.16 23:38 B C:\Documents and Settings\LuisFernando\My Documents\Website Development\ClassAds\images\Submit.gif <-- bolitech /public_html/ClassAdds/images Submit.gif
108.07.16 23:38 B C:\Documents and Settings\LuisFernando\My Documents\Website Development\ClassAds\images\TitleKreativeCo(old).jpg <-- bolitech /public_html/ClassAdds/images TitleKreativeCo(old).jpg
108.07.16 23:38 B C:\Documents and Settings\LuisFernando\My Documents\Website Development\ClassAds\images\TitleKreativeCo.jpg <-- bolitech /public_html/ClassAdds/images TitleKreativeCo.jpg
108.07.16 23:38 B C:\Documents and Settings\LuisFernando\My Documents\Website Development\ClassAds\images\Utilities.gif <-- bolitech /public_html/ClassAdds/images Utilities.gif
108.07.16 23:38 B C:\Documents and Settings\LuisFernando\My Documents\Website Development\ClassAds\images\ViewAD.gif <-- bolitech /public_html/ClassAdds/images ViewAD.gif
108.07.16 23:38 B C:\Documents and Settings\LuisFernando\My Documents\Website Development\ClassAds\images\ani-chk.gif <-- bolitech /public_html/ClassAdds/images ani-chk.gif
108.07.16 23:38 B C:\Documents and Settings\LuisFernando\My Documents\Website Development\ClassAds\images\camera.gif <-- bolitech /public_html/ClassAdds/images camera.gif
108.07.16 23:38 B C:\Documents and Settings\LuisFernando\My Documents\Website Development\ClassAds\images\logoKreativeCo.jpg <-- bolitech /public_html/ClassAdds/images logoKreativeCo.jpg
108.07.16 23:38 B C:\Documents and Settings\LuisFernando\My Documents\Website Development\ClassAds\images\loscabosarcos(4).jpg <-- bolitech /public_html/ClassAdds/images loscabosarcos(4).jpg
108.07.16 23:38 B C:\Documents and Settings\LuisFernando\My Documents\Website Development\ClassAds\images\loscabosmap.jpg <-- bolitech /public_html/ClassAdds/images loscabosmap.jpg
108.07.16 23:39 B C:\Documents and Settings\LuisFernando\My Documents\Website Development\ClassAds\images\ani-chk.gif --> bolitech.com /public_html/ClassAds/images ani-chk.gif
108.07.16 23:39 B C:\Documents and Settings\LuisFernando\My Documents\Website Development\ClassAds\images\BoliTechLogo.jpg --> bolitech.com /public_html/ClassAds/images BoliTechLogo.jpg
108.07.16 23:39 B C:\Documents and Settings\LuisFernando\My Documents\Website Development\ClassAds\images\camera.gif --> bolitech.com /public_html/ClassAds/images camera.gif
108.07.16 23:39 B C:\Documents and Settings\LuisFernando\My Documents\Website Development\ClassAds\images\Help.gif --> bolitech.com /public_html/ClassAds/images Help.gif
108.07.16 23:39 B C:\Documents and Settings\LuisFernando\My Documents\Website Development\ClassAds\images\Home.gif --> bolitech.com /public_html/ClassAds/images Home.gif
108.07.16 23:39 B C:\Documents and Settings\LuisFernando\My Documents\Website Development\ClassAds\images\logoKreativeCo.jpg --> bolitech.com /public_html/ClassAds/images logoKreativeCo.jpg
108.07.16 23:39 B C:\Documents and Settings\LuisFernando\My Documents\Website Development\ClassAds\images\loscabosarcos(4).jpg --> bolitech.com /public_html/ClassAds/images loscabosarcos(4).jpg
108.07.16 23:39 B C:\Documents and Settings\LuisFernando\My Documents\Website Development\ClassAds\images\loscabosmap.jpg --> bolitech.com /public_html/ClassAds/images loscabosmap.jpg
108.07.16 23:39 B C:\Documents and Settings\LuisFernando\My Documents\Website Development\ClassAds\images\PostAD.gif --> bolitech.com /public_html/ClassAds/images PostAD.gif
108.07.16 23:39 B C:\Documents and Settings\LuisFernando\My Documents\Website Development\ClassAds\images\RenewAD.gif --> bolitech.com /public_html/ClassAds/images RenewAD.gif
108.07.16 23:40 B C:\Documents and Settings\LuisFernando\My Documents\Website Development\ClassAds\images\Submit.gif --> bolitech.com /public_html/ClassAds/images Submit.gif
108.07.16 23:40 B C:\Documents and Settings\LuisFernando\My Documents\Website Development\ClassAds\images\ani-chk.gif --> bolitech.com /public_html/ClassAds/images ani-chk.gif
108.07.16 23:40 B C:\Documents and Settings\LuisFernando\My Documents\Website Development\ClassAds\images\BoliTechLogo.jpg --> bolitech.com /public_html/ClassAds/images BoliTechLogo.jpg
108.07.16 23:40 B C:\Documents and Settings\LuisFernando\My Documents\Website Development\ClassAds\images\camera.gif --> bolitech.com /public_html/ClassAds/images camera.gif
108.07.16 23:40 B C:\Documents and Settings\LuisFernando\My Documents\Website Development\ClassAds\images\Help.gif --> bolitech.com /public_html/ClassAds/images Help.gif
108.07.16 23:40 B C:\Documents and Settings\LuisFernando\My Documents\Website Development\ClassAds\images\Home.gif --> bolitech.com /public_html/ClassAds/images Home.gif
108.07.16 23:40 B C:\Documents and Settings\LuisFernando\My Documents\Website Development\ClassAds\images\logoKreativeCo.jpg --> bolitech.com /public_html/ClassAds/images logoKreativeCo.jpg
108.07.16 23:40 B C:\Documents and Settings\LuisFernando\My Documents\Website Development\ClassAds\images\loscabosarcos(4).jpg --> bolitech.com /public_html/ClassAds/images loscabosarcos(4).jpg
108.07.16 23:40 B C:\Documents and Settings\LuisFernando\My Documents\Website Development\ClassAds\images\loscabosmap.jpg --> bolitech.com /public_html/ClassAds/images loscabosmap.jpg
108.07.16 23:40 B C:\Documents and Settings\LuisFernando\My Documents\Website Development\ClassAds\images\PostAD.gif --> bolitech.com /public_html/ClassAds/images PostAD.gif
108.07.16 23:40 B C:\Documents and Settings\LuisFernando\My Documents\Website Development\ClassAds\images\RenewAD.gif --> bolitech.com /public_html/ClassAds/images RenewAD.gif
108.07.16 23:40 B C:\Documents and Settings\LuisFernando\My Documents\Website Development\ClassAds\images\Submit.gif --> bolitech.com /public_html/ClassAds/images Submit.gif
108.07.16 23:40 B C:\Documents and Settings\LuisFernando\My Documents\Website Development\ClassAds\images\TitleKreativeCo(old).jpg --> bolitech.com /public_html/ClassAds/images TitleKreativeCo(old).jpg
108.07.16 23:40 B C:\Documents and Settings\LuisFernando\My Documents\Website Development\ClassAds\images\TitleKreativeCo.jpg --> bolitech.com /public_html/ClassAds/images TitleKreativeCo.jpg
108.07.16 23:40 B C:\Documents and Settings\LuisFernando\My Documents\Website Development\ClassAds\images\Utilities.gif --> bolitech.com /public_html/ClassAds/images Utilities.gif
108.07.16 23:40 B C:\Documents and Settings\LuisFernando\My Documents\Website Development\ClassAds\images\ViewAD.gif --> bolitech.com /public_html/ClassAds/images ViewAD.gif
