108.07.05 15:38 A C:\Documents and Settings\LuisFernando\My Documents\Website Development\classifieds\pophelp\imgupld.html <-- MedfieldUSA /public_html/classifieds/pophelp imgupld.html
108.07.05 15:38 A C:\Documents and Settings\LuisFernando\My Documents\Website Development\classifieds\pophelp\index.html <-- MedfieldUSA /public_html/classifieds/pophelp index.html
108.07.05 15:38 A C:\Documents and Settings\LuisFernando\My Documents\Website Development\classifieds\pophelp\keywords.html <-- MedfieldUSA /public_html/classifieds/pophelp keywords.html
108.07.05 15:38 A C:\Documents and Settings\LuisFernando\My Documents\Website Development\classifieds\pophelp\postad.html <-- MedfieldUSA /public_html/classifieds/pophelp postad.html
108.07.05 15:38 A C:\Documents and Settings\LuisFernando\My Documents\Website Development\classifieds\pophelp\search.html <-- MedfieldUSA /public_html/classifieds/pophelp search.html
108.07.07 22:42 A C:\Documents and Settings\LuisFernando\My Documents\Website Development\ClassAdds\pophelp\imgupld.html --> bolitech.com /public_html/ClassAdds/pophelp imgupld.html
108.07.07 22:42 A C:\Documents and Settings\LuisFernando\My Documents\Website Development\ClassAdds\pophelp\index.html --> bolitech.com /public_html/ClassAdds/pophelp index.html
108.07.07 22:42 A C:\Documents and Settings\LuisFernando\My Documents\Website Development\ClassAdds\pophelp\keywords.html --> bolitech.com /public_html/ClassAdds/pophelp keywords.html
108.07.07 22:42 A C:\Documents and Settings\LuisFernando\My Documents\Website Development\ClassAdds\pophelp\postad.html --> bolitech.com /public_html/ClassAdds/pophelp postad.html
108.07.07 22:42 A C:\Documents and Settings\LuisFernando\My Documents\Website Development\ClassAdds\pophelp\search.html --> bolitech.com /public_html/ClassAdds/pophelp search.html
108.07.16 23:38 A C:\Documents and Settings\LuisFernando\My Documents\Website Development\ClassAds\pophelp\WS_FTP.LOG <-- bolitech /public_html/ClassAdds/pophelp WS_FTP.LOG
108.07.16 23:38 A C:\Documents and Settings\LuisFernando\My Documents\Website Development\ClassAds\pophelp\imgupld.html <-- bolitech /public_html/ClassAdds/pophelp imgupld.html
108.07.16 23:38 A C:\Documents and Settings\LuisFernando\My Documents\Website Development\ClassAds\pophelp\index.html <-- bolitech /public_html/ClassAdds/pophelp index.html
108.07.16 23:39 A C:\Documents and Settings\LuisFernando\My Documents\Website Development\ClassAds\pophelp\keywords.html <-- bolitech /public_html/ClassAdds/pophelp keywords.html
108.07.16 23:39 A C:\Documents and Settings\LuisFernando\My Documents\Website Development\ClassAds\pophelp\postad.html <-- bolitech /public_html/ClassAdds/pophelp postad.html
108.07.16 23:39 A C:\Documents and Settings\LuisFernando\My Documents\Website Development\ClassAds\pophelp\search.html <-- bolitech /public_html/ClassAdds/pophelp search.html
108.07.16 23:41 A C:\Documents and Settings\LuisFernando\My Documents\Website Development\ClassAds\pophelp\imgupld.html --> bolitech.com /public_html/ClassAds/pophelp imgupld.html
108.07.16 23:41 A C:\Documents and Settings\LuisFernando\My Documents\Website Development\ClassAds\pophelp\index.html --> bolitech.com /public_html/ClassAds/pophelp index.html
108.07.16 23:41 A C:\Documents and Settings\LuisFernando\My Documents\Website Development\ClassAds\pophelp\keywords.html --> bolitech.com /public_html/ClassAds/pophelp keywords.html
108.07.16 23:41 A C:\Documents and Settings\LuisFernando\My Documents\Website Development\ClassAds\pophelp\postad.html --> bolitech.com /public_html/ClassAds/pophelp postad.html
108.07.16 23:41 A C:\Documents and Settings\LuisFernando\My Documents\Website Development\ClassAds\pophelp\search.html --> bolitech.com /public_html/ClassAds/pophelp search.html
